CRITICAL - 2023-06-18 12:59:35 --> Access level to App\Libraries\CustomFormBuilder::generateFormInputs() must be protected (as in class App\Libraries\Form) or weaker
in APPPATH/Libraries/CustomFormBuilder.php on line 7.
 1 [internal function]: CodeIgniter\Debug\Exceptions->shutdownHandler()
CRITICAL - 2023-06-18 13:00:03 --> Access level to App\Libraries\CustomFormBuilder::generateFormInputs() must be protected (as in class App\Libraries\Form) or weaker
in APPPATH/Libraries/CustomFormBuilder.php on line 7.
 1 [internal function]: CodeIgniter\Debug\Exceptions->shutdownHandler()
CRITICAL - 2023-06-18 13:00:18 --> Call to undefined function App\Libraries\generateformInputs()
in APPPATH/Libraries/CustomFormBuilder.php on line 85.
 1 APPPATH/Controllers/FormController.php(40): App\Libraries\CustomFormBuilder->createFormTemplate()
 2 SYSTEMPATH/CodeIgniter.php(934): App\Controllers\FormController->index()
 3 SYSTEMPATH/CodeIgniter.php(499): CodeIgniter\CodeIgniter->runController()
 4 SYSTEMPATH/CodeIgniter.php(368): CodeIgniter\CodeIgniter->handleRequest()
 5 FCPATH/index.php(67): CodeIgniter\CodeIgniter->run()
 6 SYSTEMPATH/Commands/Server/rewrite.php(47): require_once('/home/skyish/Web_Project/CSC1106-FormBuilder/formgenerator/public/index.php')
CRITICAL - 2023-06-18 13:00:32 --> Call to undefined function App\Libraries\generateFormInputs()
in APPPATH/Libraries/CustomFormBuilder.php on line 85.
 1 APPPATH/Controllers/FormController.php(40): App\Libraries\CustomFormBuilder->createFormTemplate()
 2 SYSTEMPATH/CodeIgniter.php(934): App\Controllers\FormController->index()
 3 SYSTEMPATH/CodeIgniter.php(499): CodeIgniter\CodeIgniter->runController()
 4 SYSTEMPATH/CodeIgniter.php(368): CodeIgniter\CodeIgniter->handleRequest()
 5 FCPATH/index.php(67): CodeIgniter\CodeIgniter->run()
 6 SYSTEMPATH/Commands/Server/rewrite.php(47): require_once('/home/skyish/Web_Project/CSC1106-FormBuilder/formgenerator/public/index.php')
CRITICAL - 2023-06-18 13:00:33 --> Call to undefined function App\Libraries\generateFormInputs()
in APPPATH/Libraries/CustomFormBuilder.php on line 85.
 1 APPPATH/Controllers/FormController.php(40): App\Libraries\CustomFormBuilder->createFormTemplate()
 2 SYSTEMPATH/CodeIgniter.php(934): App\Controllers\FormController->index()
 3 SYSTEMPATH/CodeIgniter.php(499): CodeIgniter\CodeIgniter->runController()
 4 SYSTEMPATH/CodeIgniter.php(368): CodeIgniter\CodeIgniter->handleRequest()
 5 FCPATH/index.php(67): CodeIgniter\CodeIgniter->run()
 6 SYSTEMPATH/Commands/Server/rewrite.php(47): require_once('/home/skyish/Web_Project/CSC1106-FormBuilder/formgenerator/public/index.php')
CRITICAL - 2023-06-18 13:00:34 --> Call to undefined function App\Libraries\generateFormInputs()
in APPPATH/Libraries/CustomFormBuilder.php on line 85.
 1 APPPATH/Controllers/FormController.php(40): App\Libraries\CustomFormBuilder->createFormTemplate()
 2 SYSTEMPATH/CodeIgniter.php(934): App\Controllers\FormController->index()
 3 SYSTEMPATH/CodeIgniter.php(499): CodeIgniter\CodeIgniter->runController()
 4 SYSTEMPATH/CodeIgniter.php(368): CodeIgniter\CodeIgniter->handleRequest()
 5 FCPATH/index.php(67): CodeIgniter\CodeIgniter->run()
 6 SYSTEMPATH/Commands/Server/rewrite.php(47): require_once('/home/skyish/Web_Project/CSC1106-FormBuilder/formgenerator/public/index.php')
CRITICAL - 2023-06-18 13:00:34 --> Call to undefined function App\Libraries\generateFormInputs()
in APPPATH/Libraries/CustomFormBuilder.php on line 85.
 1 APPPATH/Controllers/FormController.php(40): App\Libraries\CustomFormBuilder->createFormTemplate()
 2 SYSTEMPATH/CodeIgniter.php(934): App\Controllers\FormController->index()
 3 SYSTEMPATH/CodeIgniter.php(499): CodeIgniter\CodeIgniter->runController()
 4 SYSTEMPATH/CodeIgniter.php(368): CodeIgniter\CodeIgniter->handleRequest()
 5 FCPATH/index.php(67): CodeIgniter\CodeIgniter->run()
 6 SYSTEMPATH/Commands/Server/rewrite.php(47): require_once('/home/skyish/Web_Project/CSC1106-FormBuilder/formgenerator/public/index.php')
CRITICAL - 2023-06-18 13:00:34 --> Call to undefined function App\Libraries\generateFormInputs()
in APPPATH/Libraries/CustomFormBuilder.php on line 85.
 1 APPPATH/Controllers/FormController.php(40): App\Libraries\CustomFormBuilder->createFormTemplate()
 2 SYSTEMPATH/CodeIgniter.php(934): App\Controllers\FormController->index()
 3 SYSTEMPATH/CodeIgniter.php(499): CodeIgniter\CodeIgniter->runController()
 4 SYSTEMPATH/CodeIgniter.php(368): CodeIgniter\CodeIgniter->handleRequest()
 5 FCPATH/index.php(67): CodeIgniter\CodeIgniter->run()
 6 SYSTEMPATH/Commands/Server/rewrite.php(47): require_once('/home/skyish/Web_Project/CSC1106-FormBuilder/formgenerator/public/index.php')
CRITICAL - 2023-06-18 13:00:34 --> Call to undefined function App\Libraries\generateFormInputs()
in APPPATH/Libraries/CustomFormBuilder.php on line 85.
 1 APPPATH/Controllers/FormController.php(40): App\Libraries\CustomFormBuilder->createFormTemplate()
 2 SYSTEMPATH/CodeIgniter.php(934): App\Controllers\FormController->index()
 3 SYSTEMPATH/CodeIgniter.php(499): CodeIgniter\CodeIgniter->runController()
 4 SYSTEMPATH/CodeIgniter.php(368): CodeIgniter\CodeIgniter->handleRequest()
 5 FCPATH/index.php(67): CodeIgniter\CodeIgniter->run()
 6 SYSTEMPATH/Commands/Server/rewrite.php(47): require_once('/home/skyish/Web_Project/CSC1106-FormBuilder/formgenerator/public/index.php')
CRITICAL - 2023-06-18 13:00:34 --> Call to undefined function App\Libraries\generateFormInputs()
in APPPATH/Libraries/CustomFormBuilder.php on line 85.
 1 APPPATH/Controllers/FormController.php(40): App\Libraries\CustomFormBuilder->createFormTemplate()
 2 SYSTEMPATH/CodeIgniter.php(934): App\Controllers\FormController->index()
 3 SYSTEMPATH/CodeIgniter.php(499): CodeIgniter\CodeIgniter->runController()
 4 SYSTEMPATH/CodeIgniter.php(368): CodeIgniter\CodeIgniter->handleRequest()
 5 FCPATH/index.php(67): CodeIgniter\CodeIgniter->run()
 6 SYSTEMPATH/Commands/Server/rewrite.php(47): require_once('/home/skyish/Web_Project/CSC1106-FormBuilder/formgenerator/public/index.php')
CRITICAL - 2023-06-18 13:00:34 --> Call to undefined function App\Libraries\generateFormInputs()
in APPPATH/Libraries/CustomFormBuilder.php on line 85.
 1 APPPATH/Controllers/FormController.php(40): App\Libraries\CustomFormBuilder->createFormTemplate()
 2 SYSTEMPATH/CodeIgniter.php(934): App\Controllers\FormController->index()
 3 SYSTEMPATH/CodeIgniter.php(499): CodeIgniter\CodeIgniter->runController()
 4 SYSTEMPATH/CodeIgniter.php(368): CodeIgniter\CodeIgniter->handleRequest()
 5 FCPATH/index.php(67): CodeIgniter\CodeIgniter->run()
 6 SYSTEMPATH/Commands/Server/rewrite.php(47): require_once('/home/skyish/Web_Project/CSC1106-FormBuilder/formgenerator/public/index.php')
CRITICAL - 2023-06-18 13:00:34 --> Call to undefined function App\Libraries\generateFormInputs()
in APPPATH/Libraries/CustomFormBuilder.php on line 85.
 1 APPPATH/Controllers/FormController.php(40): App\Libraries\CustomFormBuilder->createFormTemplate()
 2 SYSTEMPATH/CodeIgniter.php(934): App\Controllers\FormController->index()
 3 SYSTEMPATH/CodeIgniter.php(499): CodeIgniter\CodeIgniter->runController()
 4 SYSTEMPATH/CodeIgniter.php(368): CodeIgniter\CodeIgniter->handleRequest()
 5 FCPATH/index.php(67): CodeIgniter\CodeIgniter->run()
 6 SYSTEMPATH/Commands/Server/rewrite.php(47): require_once('/home/skyish/Web_Project/CSC1106-FormBuilder/formgenerator/public/index.php')
CRITICAL - 2023-06-18 13:00:35 --> Call to undefined function App\Libraries\generateFormInputs()
in APPPATH/Libraries/CustomFormBuilder.php on line 85.
 1 APPPATH/Controllers/FormController.php(40): App\Libraries\CustomFormBuilder->createFormTemplate()
 2 SYSTEMPATH/CodeIgniter.php(934): App\Controllers\FormController->index()
 3 SYSTEMPATH/CodeIgniter.php(499): CodeIgniter\CodeIgniter->runController()
 4 SYSTEMPATH/CodeIgniter.php(368): CodeIgniter\CodeIgniter->handleRequest()
 5 FCPATH/index.php(67): CodeIgniter\CodeIgniter->run()
 6 SYSTEMPATH/Commands/Server/rewrite.php(47): require_once('/home/skyish/Web_Project/CSC1106-FormBuilder/formgenerator/public/index.php')
CRITICAL - 2023-06-18 13:00:35 --> Call to undefined function App\Libraries\generateFormInputs()
in APPPATH/Libraries/CustomFormBuilder.php on line 85.
 1 APPPATH/Controllers/FormController.php(40): App\Libraries\CustomFormBuilder->createFormTemplate()
 2 SYSTEMPATH/CodeIgniter.php(934): App\Controllers\FormController->index()
 3 SYSTEMPATH/CodeIgniter.php(499): CodeIgniter\CodeIgniter->runController()
 4 SYSTEMPATH/CodeIgniter.php(368): CodeIgniter\CodeIgniter->handleRequest()
 5 FCPATH/index.php(67): CodeIgniter\CodeIgniter->run()
 6 SYSTEMPATH/Commands/Server/rewrite.php(47): require_once('/home/skyish/Web_Project/CSC1106-FormBuilder/formgenerator/public/index.php')
CRITICAL - 2023-06-18 13:00:35 --> Call to undefined function App\Libraries\generateFormInputs()
in APPPATH/Libraries/CustomFormBuilder.php on line 85.
 1 APPPATH/Controllers/FormController.php(40): App\Libraries\CustomFormBuilder->createFormTemplate()
 2 SYSTEMPATH/CodeIgniter.php(934): App\Controllers\FormController->index()
 3 SYSTEMPATH/CodeIgniter.php(499): CodeIgniter\CodeIgniter->runController()
 4 SYSTEMPATH/CodeIgniter.php(368): CodeIgniter\CodeIgniter->handleRequest()
 5 FCPATH/index.php(67): CodeIgniter\CodeIgniter->run()
 6 SYSTEMPATH/Commands/Server/rewrite.php(47): require_once('/home/skyish/Web_Project/CSC1106-FormBuilder/formgenerator/public/index.php')
CRITICAL - 2023-06-18 13:01:59 --> Call to undefined function App\Libraries\generateFormInputs()
in APPPATH/Libraries/CustomFormBuilder.php on line 85.
 1 APPPATH/Controllers/FormController.php(40): App\Libraries\CustomFormBuilder->createFormTemplate()
 2 SYSTEMPATH/CodeIgniter.php(934): App\Controllers\FormController->index()
 3 SYSTEMPATH/CodeIgniter.php(499): CodeIgniter\CodeIgniter->runController()
 4 SYSTEMPATH/CodeIgniter.php(368): CodeIgniter\CodeIgniter->handleRequest()
 5 FCPATH/index.php(67): CodeIgniter\CodeIgniter->run()
 6 SYSTEMPATH/Commands/Server/rewrite.php(47): require_once('/home/skyish/Web_Project/CSC1106-FormBuilder/formgenerator/public/index.php')
CRITICAL - 2023-06-18 14:44:38 --> Class 'App\Libraries\FormModel' not found
in APPPATH/Libraries/CustomFormBuilder.php on line 9.
 1 APPPATH/Controllers/FormController.php(55): App\Libraries\CustomFormBuilder->__construct()
 2 SYSTEMPATH/CodeIgniter.php(934): App\Controllers\FormController->index()
 3 SYSTEMPATH/CodeIgniter.php(499): CodeIgniter\CodeIgniter->runController()
 4 SYSTEMPATH/CodeIgniter.php(368): CodeIgniter\CodeIgniter->handleRequest()
 5 FCPATH/index.php(67): CodeIgniter\CodeIgniter->run()
 6 SYSTEMPATH/Commands/Server/rewrite.php(47): require_once('/home/skyish/Web_Project/CSC1106-FormBuilder/formgenerator/public/index.php')
CRITICAL - 2023-06-18 14:45:18 --> Undefined variable: formBuilder
in APPPATH/Controllers/FormController.php on line 59.
 1 APPPATH/Controllers/FormController.php(59): CodeIgniter\Debug\Exceptions->errorHandler()
 2 SYSTEMPATH/CodeIgniter.php(934): App\Controllers\FormController->index()
 3 SYSTEMPATH/CodeIgniter.php(499): CodeIgniter\CodeIgniter->runController()
 4 SYSTEMPATH/CodeIgniter.php(368): CodeIgniter\CodeIgniter->handleRequest()
 5 FCPATH/index.php(67): CodeIgniter\CodeIgniter->run()
 6 SYSTEMPATH/Commands/Server/rewrite.php(47): require_once('/home/skyish/Web_Project/CSC1106-FormBuilder/formgenerator/public/index.php')
CRITICAL - 2023-06-18 14:48:23 --> Undefined variable: formBuilder
in APPPATH/Controllers/FormController.php on line 62.
 1 APPPATH/Controllers/FormController.php(62): CodeIgniter\Debug\Exceptions->errorHandler()
 2 SYSTEMPATH/CodeIgniter.php(934): App\Controllers\FormController->index()
 3 SYSTEMPATH/CodeIgniter.php(499): CodeIgniter\CodeIgniter->runController()
 4 SYSTEMPATH/CodeIgniter.php(368): CodeIgniter\CodeIgniter->handleRequest()
 5 FCPATH/index.php(67): CodeIgniter\CodeIgniter->run()
 6 SYSTEMPATH/Commands/Server/rewrite.php(47): require_once('/home/skyish/Web_Project/CSC1106-FormBuilder/formgenerator/public/index.php')
CRITICAL - 2023-06-18 14:48:24 --> Undefined variable: formBuilder
in APPPATH/Controllers/FormController.php on line 62.
 1 APPPATH/Controllers/FormController.php(62): CodeIgniter\Debug\Exceptions->errorHandler()
 2 SYSTEMPATH/CodeIgniter.php(934): App\Controllers\FormController->index()
 3 SYSTEMPATH/CodeIgniter.php(499): CodeIgniter\CodeIgniter->runController()
 4 SYSTEMPATH/CodeIgniter.php(368): CodeIgniter\CodeIgniter->handleRequest()
 5 FCPATH/index.php(67): CodeIgniter\CodeIgniter->run()
 6 SYSTEMPATH/Commands/Server/rewrite.php(47): require_once('/home/skyish/Web_Project/CSC1106-FormBuilder/formgenerator/public/index.php')
CRITICAL - 2023-06-18 14:48:25 --> Undefined variable: formBuilder
in APPPATH/Controllers/FormController.php on line 62.
 1 APPPATH/Controllers/FormController.php(62): CodeIgniter\Debug\Exceptions->errorHandler()
 2 SYSTEMPATH/CodeIgniter.php(934): App\Controllers\FormController->index()
 3 SYSTEMPATH/CodeIgniter.php(499): CodeIgniter\CodeIgniter->runController()
 4 SYSTEMPATH/CodeIgniter.php(368): CodeIgniter\CodeIgniter->handleRequest()
 5 FCPATH/index.php(67): CodeIgniter\CodeIgniter->run()
 6 SYSTEMPATH/Commands/Server/rewrite.php(47): require_once('/home/skyish/Web_Project/CSC1106-FormBuilder/formgenerator/public/index.php')
CRITICAL - 2023-06-18 14:48:25 --> Undefined variable: formBuilder
in APPPATH/Controllers/FormController.php on line 62.
 1 APPPATH/Controllers/FormController.php(62): CodeIgniter\Debug\Exceptions->errorHandler()
 2 SYSTEMPATH/CodeIgniter.php(934): App\Controllers\FormController->index()
 3 SYSTEMPATH/CodeIgniter.php(499): CodeIgniter\CodeIgniter->runController()
 4 SYSTEMPATH/CodeIgniter.php(368): CodeIgniter\CodeIgniter->handleRequest()
 5 FCPATH/index.php(67): CodeIgniter\CodeIgniter->run()
 6 SYSTEMPATH/Commands/Server/rewrite.php(47): require_once('/home/skyish/Web_Project/CSC1106-FormBuilder/formgenerator/public/index.php')
ERROR - 2023-06-18 14:48:52 --> Error connecting to the database: mysqli_sql_exception: No such file or directory in /home/skyish/Web_Project/CSC1106-FormBuilder/formgenerator/vendor/codeigniter4/framework/system/Database/MySQLi/Connection.php:174
Stack trace:
#0 /home/skyish/Web_Project/CSC1106-FormBuilder/formgenerator/vendor/codeigniter4/framework/system/Database/MySQLi/Connection.php(174): mysqli->real_connect()
#1 /home/skyish/Web_Project/CSC1106-FormBuilder/formgenerator/vendor/codeigniter4/framework/system/Database/BaseConnection.php(391): CodeIgniter\Database\MySQLi\Connection->connect()
#2 /home/skyish/Web_Project/CSC1106-FormBuilder/formgenerator/vendor/codeigniter4/framework/system/Database/BaseConnection.php(574): CodeIgniter\Database\BaseConnection->initialize()
#3 /home/skyish/Web_Project/CSC1106-FormBuilder/formgenerator/vendor/codeigniter4/framework/system/Database/BaseBuilder.php(1616): CodeIgniter\Database\BaseConnection->query()
#4 /home/skyish/Web_Project/CSC1106-FormBuilder/formgenerator/vendor/codeigniter4/framework/system/Model.php(200): CodeIgniter\Database\BaseBuilder->get()
#5 /home/skyish/Web_Project/CSC1106-FormBuilder/formgenerator/vendor/codeigniter4/framework/system/BaseModel.php(557): CodeIgniter\Model->doFind()
#6 /home/skyish/Web_Project/CSC1106-FormBuilder/formgenerator/app/Models/FormModel.php(15): CodeIgniter\BaseModel->find()
#7 /home/skyish/Web_Project/CSC1106-FormBuilder/formgenerator/app/Libraries/CustomFormBuilder.php(127): App\Models\FormModel->getFormTemplateById()
#8 /home/skyish/Web_Project/CSC1106-FormBuilder/formgenerator/app/Controllers/FormController.php(62): App\Libraries\CustomFormBuilder->getForm()
#9 /home/skyish/Web_Project/CSC1106-FormBuilder/formgenerator/vendor/codeigniter4/framework/system/CodeIgniter.php(934): App\Controllers\FormController->index()
#10 /home/skyish/Web_Project/CSC1106-FormBuilder/formgenerator/vendor/codeigniter4/framework/system/CodeIgniter.php(499): CodeIgniter\CodeIgniter->runController()
#11 /home/skyish/Web_Project/CSC1106-FormBuilder/formgenerator/vendor/codeigniter4/framework/system/CodeIgniter.php(368): CodeIgniter\CodeIgniter->handleRequest()
#12 /home/skyish/Web_Project/CSC1106-FormBuilder/formgenerator/public/index.php(67): CodeIgniter\CodeIgniter->run()
#13 /home/skyish/Web_Project/CSC1106-FormBuilder/formgenerator/vendor/codeigniter4/framework/system/Commands/Server/rewrite.php(47): require_once('/home/skyish/We...')
#14 {main}

Next CodeIgniter\Database\Exceptions\DatabaseException: No such file or directory in /home/skyish/Web_Project/CSC1106-FormBuilder/formgenerator/vendor/codeigniter4/framework/system/Database/MySQLi/Connection.php:218
Stack trace:
#0 /home/skyish/Web_Project/CSC1106-FormBuilder/formgenerator/vendor/codeigniter4/framework/system/Database/BaseConnection.php(391): CodeIgniter\Database\MySQLi\Connection->connect()
#1 /home/skyish/Web_Project/CSC1106-FormBuilder/formgenerator/vendor/codeigniter4/framework/system/Database/BaseConnection.php(574): CodeIgniter\Database\BaseConnection->initialize()
#2 /home/skyish/Web_Project/CSC1106-FormBuilder/formgenerator/vendor/codeigniter4/framework/system/Database/BaseBuilder.php(1616): CodeIgniter\Database\BaseConnection->query()
#3 /home/skyish/Web_Project/CSC1106-FormBuilder/formgenerator/vendor/codeigniter4/framework/system/Model.php(200): CodeIgniter\Database\BaseBuilder->get()
#4 /home/skyish/Web_Project/CSC1106-FormBuilder/formgenerator/vendor/codeigniter4/framework/system/BaseModel.php(557): CodeIgniter\Model->doFind()
#5 /home/skyish/Web_Project/CSC1106-FormBuilder/formgenerator/app/Models/FormModel.php(15): CodeIgniter\BaseModel->find()
#6 /home/skyish/Web_Project/CSC1106-FormBuilder/formgenerator/app/Libraries/CustomFormBuilder.php(127): App\Models\FormModel->getFormTemplateById()
#7 /home/skyish/Web_Project/CSC1106-FormBuilder/formgenerator/app/Controllers/FormController.php(62): App\Libraries\CustomFormBuilder->getForm()
#8 /home/skyish/Web_Project/CSC1106-FormBuilder/formgenerator/vendor/codeigniter4/framework/system/CodeIgniter.php(934): App\Controllers\FormController->index()
#9 /home/skyish/Web_Project/CSC1106-FormBuilder/formgenerator/vendor/codeigniter4/framework/system/CodeIgniter.php(499): CodeIgniter\CodeIgniter->runController()
#10 /home/skyish/Web_Project/CSC1106-FormBuilder/formgenerator/vendor/codeigniter4/framework/system/CodeIgniter.php(368): CodeIgniter\CodeIgniter->handleRequest()
#11 /home/skyish/Web_Project/CSC1106-FormBuilder/formgenerator/public/index.php(67): CodeIgniter\CodeIgniter->run()
#12 /home/skyish/Web_Project/CSC1106-FormBuilder/formgenerator/vendor/codeigniter4/framework/system/Commands/Server/rewrite.php(47): require_once('/home/skyish/We...')
#13 {main}
CRITICAL - 2023-06-18 14:48:52 --> Unable to connect to the database.
Main connection [MySQLi]: No such file or directory
in SYSTEMPATH/Database/BaseConnection.php on line 427.
 1 SYSTEMPATH/Database/BaseConnection.php(574): CodeIgniter\Database\BaseConnection->initialize()
 2 SYSTEMPATH/Database/BaseBuilder.php(1616): CodeIgniter\Database\BaseConnection->query()
 3 SYSTEMPATH/Model.php(200): CodeIgniter\Database\BaseBuilder->get()
 4 SYSTEMPATH/BaseModel.php(557): CodeIgniter\Model->doFind()
 5 APPPATH/Models/FormModel.php(15): CodeIgniter\BaseModel->find()
 6 APPPATH/Libraries/CustomFormBuilder.php(127): App\Models\FormModel->getFormTemplateById()
 7 APPPATH/Controllers/FormController.php(62): App\Libraries\CustomFormBuilder->getForm()
 8 SYSTEMPATH/CodeIgniter.php(934): App\Controllers\FormController->index()
 9 SYSTEMPATH/CodeIgniter.php(499): CodeIgniter\CodeIgniter->runController()
10 SYSTEMPATH/CodeIgniter.php(368): CodeIgniter\CodeIgniter->handleRequest()
11 FCPATH/index.php(67): CodeIgniter\CodeIgniter->run()
12 SYSTEMPATH/Commands/Server/rewrite.php(47): require_once('/home/skyish/Web_Project/CSC1106-FormBuilder/formgenerator/public/index.php')
ERROR - 2023-06-18 15:09:52 --> mysqli_sql_exception: Table 'FormBuilder.form' doesn't exist in /home/skyish/Web_Project/CSC1106-FormBuilder/formgenerator/vendor/codeigniter4/framework/system/Database/MySQLi/Connection.php:295
Stack trace:
#0 /home/skyish/Web_Project/CSC1106-FormBuilder/formgenerator/vendor/codeigniter4/framework/system/Database/MySQLi/Connection.php(295): mysqli->query()
#1 /home/skyish/Web_Project/CSC1106-FormBuilder/formgenerator/vendor/codeigniter4/framework/system/Database/BaseConnection.php(692): CodeIgniter\Database\MySQLi\Connection->execute()
#2 /home/skyish/Web_Project/CSC1106-FormBuilder/formgenerator/vendor/codeigniter4/framework/system/Database/BaseConnection.php(606): CodeIgniter\Database\BaseConnection->simpleQuery()
#3 /home/skyish/Web_Project/CSC1106-FormBuilder/formgenerator/vendor/codeigniter4/framework/system/Database/BaseBuilder.php(1616): CodeIgniter\Database\BaseConnection->query()
#4 /home/skyish/Web_Project/CSC1106-FormBuilder/formgenerator/vendor/codeigniter4/framework/system/Model.php(200): CodeIgniter\Database\BaseBuilder->get()
#5 /home/skyish/Web_Project/CSC1106-FormBuilder/formgenerator/vendor/codeigniter4/framework/system/BaseModel.php(557): CodeIgniter\Model->doFind()
#6 /home/skyish/Web_Project/CSC1106-FormBuilder/formgenerator/app/Models/FormModel.php(15): CodeIgniter\BaseModel->find()
#7 /home/skyish/Web_Project/CSC1106-FormBuilder/formgenerator/app/Libraries/CustomFormBuilder.php(127): App\Models\FormModel->getFormTemplateById()
#8 /home/skyish/Web_Project/CSC1106-FormBuilder/formgenerator/app/Controllers/FormController.php(62): App\Libraries\CustomFormBuilder->getForm()
#9 /home/skyish/Web_Project/CSC1106-FormBuilder/formgenerator/vendor/codeigniter4/framework/system/CodeIgniter.php(934): App\Controllers\FormController->index()
#10 /home/skyish/Web_Project/CSC1106-FormBuilder/formgenerator/vendor/codeigniter4/framework/system/CodeIgniter.php(499): CodeIgniter\CodeIgniter->runController()
#11 /home/skyish/Web_Project/CSC1106-FormBuilder/formgenerator/vendor/codeigniter4/framework/system/CodeIgniter.php(368): CodeIgniter\CodeIgniter->handleRequest()
#12 /home/skyish/Web_Project/CSC1106-FormBuilder/formgenerator/public/index.php(67): CodeIgniter\CodeIgniter->run()
#13 /home/skyish/Web_Project/CSC1106-FormBuilder/formgenerator/vendor/codeigniter4/framework/system/Commands/Server/rewrite.php(47): require_once('/home/skyish/We...')
#14 {main}
CRITICAL - 2023-06-18 15:09:52 --> Table 'FormBuilder.form' doesn't exist
in SYSTEMPATH/Database/MySQLi/Connection.php on line 295.
 1 SYSTEMPATH/Database/MySQLi/Connection.php(295): mysqli->query()
 2 SYSTEMPATH/Database/BaseConnection.php(692): CodeIgniter\Database\MySQLi\Connection->execute()
 3 SYSTEMPATH/Database/BaseConnection.php(606): CodeIgniter\Database\BaseConnection->simpleQuery()
 4 SYSTEMPATH/Database/BaseBuilder.php(1616): CodeIgniter\Database\BaseConnection->query()
 5 SYSTEMPATH/Model.php(200): CodeIgniter\Database\BaseBuilder->get()
 6 SYSTEMPATH/BaseModel.php(557): CodeIgniter\Model->doFind()
 7 APPPATH/Models/FormModel.php(15): CodeIgniter\BaseModel->find()
 8 APPPATH/Libraries/CustomFormBuilder.php(127): App\Models\FormModel->getFormTemplateById()
 9 APPPATH/Controllers/FormController.php(62): App\Libraries\CustomFormBuilder->getForm()
10 SYSTEMPATH/CodeIgniter.php(934): App\Controllers\FormController->index()
11 SYSTEMPATH/CodeIgniter.php(499): CodeIgniter\CodeIgniter->runController()
12 SYSTEMPATH/CodeIgniter.php(368): CodeIgniter\CodeIgniter->handleRequest()
13 FCPATH/index.php(67): CodeIgniter\CodeIgniter->run()
14 SYSTEMPATH/Commands/Server/rewrite.php(47): require_once('/home/skyish/Web_Project/CSC1106-FormBuilder/formgenerator/public/index.php')
CRITICAL - 2023-06-18 16:42:43 --> Class 'App\Models\FormTemplateModel' not found
in APPPATH/Libraries/CustomFormBuilder.php on line 13.
 1 APPPATH/Controllers/FormController.php(14): App\Libraries\CustomFormBuilder->__construct()
 2 SYSTEMPATH/CodeIgniter.php(906): App\Controllers\FormController->__construct()
 3 SYSTEMPATH/CodeIgniter.php(490): CodeIgniter\CodeIgniter->createController()
 4 SYSTEMPATH/CodeIgniter.php(368): CodeIgniter\CodeIgniter->handleRequest()
 5 FCPATH/index.php(67): CodeIgniter\CodeIgniter->run()
 6 SYSTEMPATH/Commands/Server/rewrite.php(47): require_once('/home/skyish/Web_Project/CSC1106-FormBuilder/formgenerator/public/index.php')
CRITICAL - 2023-06-18 16:43:22 --> Class 'App\Models\Exception' not found
in APPPATH/Models/FormTemplateModel.php on line 22.
 1 APPPATH/Libraries/CustomFormBuilder.php(144): App\Models\FormTemplateModel->getFormTemplateById()
 2 APPPATH/Controllers/FormController.php(88): App\Libraries\CustomFormBuilder->getForm()
 3 SYSTEMPATH/CodeIgniter.php(934): App\Controllers\FormController->index()
 4 SYSTEMPATH/CodeIgniter.php(499): CodeIgniter\CodeIgniter->runController()
 5 SYSTEMPATH/CodeIgniter.php(368): CodeIgniter\CodeIgniter->handleRequest()
 6 FCPATH/index.php(67): CodeIgniter\CodeIgniter->run()
 7 SYSTEMPATH/Commands/Server/rewrite.php(47): require_once('/home/skyish/Web_Project/CSC1106-FormBuilder/formgenerator/public/index.php')
ERROR - 2023-06-18 16:47:31 --> Form retrieval failed: Form template not found or invalid for 1.
ERROR - 2023-06-18 16:48:01 --> Form retrieval failed: Form template not found or invalid for FormID: 1.
ERROR - 2023-06-18 16:49:33 --> Form retrieval failed: Form template not found or invalid for FormID: 1.
CRITICAL - 2023-06-18 16:49:35 --> Undefined variable: formBuilder
in APPPATH/Controllers/FormController.php on line 63.
 1 APPPATH/Controllers/FormController.php(63): CodeIgniter\Debug\Exceptions->errorHandler()
 2 SYSTEMPATH/CodeIgniter.php(934): App\Controllers\FormController->newForm()
 3 SYSTEMPATH/CodeIgniter.php(499): CodeIgniter\CodeIgniter->runController()
 4 SYSTEMPATH/CodeIgniter.php(368): CodeIgniter\CodeIgniter->handleRequest()
 5 FCPATH/index.php(67): CodeIgniter\CodeIgniter->run()
 6 SYSTEMPATH/Commands/Server/rewrite.php(47): require_once('/home/skyish/Web_Project/CSC1106-FormBuilder/formgenerator/public/index.php')
CRITICAL - 2023-06-18 16:50:01 --> Undefined variable: formBuilder
in APPPATH/Controllers/FormController.php on line 63.
 1 APPPATH/Controllers/FormController.php(63): CodeIgniter\Debug\Exceptions->errorHandler()
 2 SYSTEMPATH/CodeIgniter.php(934): App\Controllers\FormController->newForm()
 3 SYSTEMPATH/CodeIgniter.php(499): CodeIgniter\CodeIgniter->runController()
 4 SYSTEMPATH/CodeIgniter.php(368): CodeIgniter\CodeIgniter->handleRequest()
 5 FCPATH/index.php(67): CodeIgniter\CodeIgniter->run()
 6 SYSTEMPATH/Commands/Server/rewrite.php(47): require_once('/home/skyish/Web_Project/CSC1106-FormBuilder/formgenerator/public/index.php')
CRITICAL - 2023-06-18 16:50:03 --> Undefined variable: formBuilder
in APPPATH/Controllers/FormController.php on line 63.
 1 APPPATH/Controllers/FormController.php(63): CodeIgniter\Debug\Exceptions->errorHandler()
 2 SYSTEMPATH/CodeIgniter.php(934): App\Controllers\FormController->newForm()
 3 SYSTEMPATH/CodeIgniter.php(499): CodeIgniter\CodeIgniter->runController()
 4 SYSTEMPATH/CodeIgniter.php(368): CodeIgniter\CodeIgniter->handleRequest()
 5 FCPATH/index.php(67): CodeIgniter\CodeIgniter->run()
 6 SYSTEMPATH/Commands/Server/rewrite.php(47): require_once('/home/skyish/Web_Project/CSC1106-FormBuilder/formgenerator/public/index.php')
CRITICAL - 2023-06-18 16:50:03 --> Undefined variable: formBuilder
in APPPATH/Controllers/FormController.php on line 63.
 1 APPPATH/Controllers/FormController.php(63): CodeIgniter\Debug\Exceptions->errorHandler()
 2 SYSTEMPATH/CodeIgniter.php(934): App\Controllers\FormController->newForm()
 3 SYSTEMPATH/CodeIgniter.php(499): CodeIgniter\CodeIgniter->runController()
 4 SYSTEMPATH/CodeIgniter.php(368): CodeIgniter\CodeIgniter->handleRequest()
 5 FCPATH/index.php(67): CodeIgniter\CodeIgniter->run()
 6 SYSTEMPATH/Commands/Server/rewrite.php(47): require_once('/home/skyish/Web_Project/CSC1106-FormBuilder/formgenerator/public/index.php')
CRITICAL - 2023-06-18 16:50:23 --> Invalid file: "sucess.php"
in SYSTEMPATH/Exceptions/FrameworkException.php on line 33.
 1 SYSTEMPATH/View/View.php(201): CodeIgniter\Exceptions\FrameworkException::forInvalidFile()
 2 SYSTEMPATH/Common.php(1184): CodeIgniter\View\View->render()
 3 APPPATH/Controllers/FormController.php(71): view()
 4 SYSTEMPATH/CodeIgniter.php(934): App\Controllers\FormController->newForm()
 5 SYSTEMPATH/CodeIgniter.php(499): CodeIgniter\CodeIgniter->runController()
 6 SYSTEMPATH/CodeIgniter.php(368): CodeIgniter\CodeIgniter->handleRequest()
 7 FCPATH/index.php(67): CodeIgniter\CodeIgniter->run()
 8 SYSTEMPATH/Commands/Server/rewrite.php(47): require_once('/home/skyish/Web_Project/CSC1106-FormBuilder/formgenerator/public/index.php')
ERROR - 2023-06-18 16:57:26 --> Form retrieval failed: Trying to get property 'Structure' of non-object
ERROR - 2023-06-18 16:59:15 --> Form retrieval failed: Trying to get property 'Structure' of non-object
ERROR - 2023-06-18 17:03:22 --> Form retrieval failed: Trying to get property 'Structure' of non-object
