CRITICAL - 2023-06-10 06:44:10 --> Undefined property: App\Libraries\CustomFormBuilder::$load
in APPPATH/Libraries/CustomFormBuilder.php on line 12.
 1 APPPATH/Libraries/CustomFormBuilder.php(12): CodeIgniter\Debug\Exceptions->errorHandler()
 2 APPPATH/Controllers/FormController.php(15): App\Libraries\CustomFormBuilder->__construct()
 3 SYSTEMPATH/CodeIgniter.php(934): App\Controllers\FormController->index()
 4 SYSTEMPATH/CodeIgniter.php(499): CodeIgniter\CodeIgniter->runController()
 5 SYSTEMPATH/CodeIgniter.php(368): CodeIgniter\CodeIgniter->handleRequest()
 6 FCPATH/index.php(67): CodeIgniter\CodeIgniter->run()
 7 SYSTEMPATH/Commands/Server/rewrite.php(47): require_once('/home/skyish/Web_Project/formgenerator/public/index.php')
CRITICAL - 2023-06-10 06:58:54 --> Undefined property: App\Controllers\FormController::$load
in APPPATH/Controllers/FormController.php on line 15.
 1 APPPATH/Controllers/FormController.php(15): CodeIgniter\Debug\Exceptions->errorHandler()
 2 SYSTEMPATH/CodeIgniter.php(934): App\Controllers\FormController->index()
 3 SYSTEMPATH/CodeIgniter.php(499): CodeIgniter\CodeIgniter->runController()
 4 SYSTEMPATH/CodeIgniter.php(368): CodeIgniter\CodeIgniter->handleRequest()
 5 FCPATH/index.php(67): CodeIgniter\CodeIgniter->run()
 6 SYSTEMPATH/Commands/Server/rewrite.php(47): require_once('/home/skyish/Web_Project/formgenerator/public/index.php')
CRITICAL - 2023-06-10 07:04:50 --> Undefined property: App\Controllers\FormController::$CustomFormBuilder
in APPPATH/Controllers/FormController.php on line 17.
 1 APPPATH/Controllers/FormController.php(17): CodeIgniter\Debug\Exceptions->errorHandler()
 2 SYSTEMPATH/CodeIgniter.php(934): App\Controllers\FormController->index()
 3 SYSTEMPATH/CodeIgniter.php(499): CodeIgniter\CodeIgniter->runController()
 4 SYSTEMPATH/CodeIgniter.php(368): CodeIgniter\CodeIgniter->handleRequest()
 5 FCPATH/index.php(67): CodeIgniter\CodeIgniter->run()
 6 SYSTEMPATH/Commands/Server/rewrite.php(47): require_once('/home/skyish/Web_Project/formgenerator/public/index.php')
CRITICAL - 2023-06-10 07:05:12 --> Undefined variable: generateFormTemplate
in APPPATH/Libraries/CustomFormBuilder.php on line 18.
 1 APPPATH/Libraries/CustomFormBuilder.php(18): CodeIgniter\Debug\Exceptions->errorHandler()
 2 APPPATH/Controllers/FormController.php(17): App\Libraries\CustomFormBuilder->createFormTemplate()
 3 SYSTEMPATH/CodeIgniter.php(934): App\Controllers\FormController->index()
 4 SYSTEMPATH/CodeIgniter.php(499): CodeIgniter\CodeIgniter->runController()
 5 SYSTEMPATH/CodeIgniter.php(368): CodeIgniter\CodeIgniter->handleRequest()
 6 FCPATH/index.php(67): CodeIgniter\CodeIgniter->run()
 7 SYSTEMPATH/Commands/Server/rewrite.php(47): require_once('/home/skyish/Web_Project/formgenerator/public/index.php')
CRITICAL - 2023-06-10 07:05:13 --> Undefined variable: generateFormTemplate
in APPPATH/Libraries/CustomFormBuilder.php on line 18.
 1 APPPATH/Libraries/CustomFormBuilder.php(18): CodeIgniter\Debug\Exceptions->errorHandler()
 2 APPPATH/Controllers/FormController.php(17): App\Libraries\CustomFormBuilder->createFormTemplate()
 3 SYSTEMPATH/CodeIgniter.php(934): App\Controllers\FormController->index()
 4 SYSTEMPATH/CodeIgniter.php(499): CodeIgniter\CodeIgniter->runController()
 5 SYSTEMPATH/CodeIgniter.php(368): CodeIgniter\CodeIgniter->handleRequest()
 6 FCPATH/index.php(67): CodeIgniter\CodeIgniter->run()
 7 SYSTEMPATH/Commands/Server/rewrite.php(47): require_once('/home/skyish/Web_Project/formgenerator/public/index.php')
CRITICAL - 2023-06-10 07:05:13 --> Undefined variable: generateFormTemplate
in APPPATH/Libraries/CustomFormBuilder.php on line 18.
 1 APPPATH/Libraries/CustomFormBuilder.php(18): CodeIgniter\Debug\Exceptions->errorHandler()
 2 APPPATH/Controllers/FormController.php(17): App\Libraries\CustomFormBuilder->createFormTemplate()
 3 SYSTEMPATH/CodeIgniter.php(934): App\Controllers\FormController->index()
 4 SYSTEMPATH/CodeIgniter.php(499): CodeIgniter\CodeIgniter->runController()
 5 SYSTEMPATH/CodeIgniter.php(368): CodeIgniter\CodeIgniter->handleRequest()
 6 FCPATH/index.php(67): CodeIgniter\CodeIgniter->run()
 7 SYSTEMPATH/Commands/Server/rewrite.php(47): require_once('/home/skyish/Web_Project/formgenerator/public/index.php')
CRITICAL - 2023-06-10 07:05:14 --> Undefined variable: generateFormTemplate
in APPPATH/Libraries/CustomFormBuilder.php on line 18.
 1 APPPATH/Libraries/CustomFormBuilder.php(18): CodeIgniter\Debug\Exceptions->errorHandler()
 2 APPPATH/Controllers/FormController.php(17): App\Libraries\CustomFormBuilder->createFormTemplate()
 3 SYSTEMPATH/CodeIgniter.php(934): App\Controllers\FormController->index()
 4 SYSTEMPATH/CodeIgniter.php(499): CodeIgniter\CodeIgniter->runController()
 5 SYSTEMPATH/CodeIgniter.php(368): CodeIgniter\CodeIgniter->handleRequest()
 6 FCPATH/index.php(67): CodeIgniter\CodeIgniter->run()
 7 SYSTEMPATH/Commands/Server/rewrite.php(47): require_once('/home/skyish/Web_Project/formgenerator/public/index.php')
CRITICAL - 2023-06-10 07:05:14 --> Undefined variable: generateFormTemplate
in APPPATH/Libraries/CustomFormBuilder.php on line 18.
 1 APPPATH/Libraries/CustomFormBuilder.php(18): CodeIgniter\Debug\Exceptions->errorHandler()
 2 APPPATH/Controllers/FormController.php(17): App\Libraries\CustomFormBuilder->createFormTemplate()
 3 SYSTEMPATH/CodeIgniter.php(934): App\Controllers\FormController->index()
 4 SYSTEMPATH/CodeIgniter.php(499): CodeIgniter\CodeIgniter->runController()
 5 SYSTEMPATH/CodeIgniter.php(368): CodeIgniter\CodeIgniter->handleRequest()
 6 FCPATH/index.php(67): CodeIgniter\CodeIgniter->run()
 7 SYSTEMPATH/Commands/Server/rewrite.php(47): require_once('/home/skyish/Web_Project/formgenerator/public/index.php')
CRITICAL - 2023-06-10 07:05:14 --> Undefined variable: generateFormTemplate
in APPPATH/Libraries/CustomFormBuilder.php on line 18.
 1 APPPATH/Libraries/CustomFormBuilder.php(18): CodeIgniter\Debug\Exceptions->errorHandler()
 2 APPPATH/Controllers/FormController.php(17): App\Libraries\CustomFormBuilder->createFormTemplate()
 3 SYSTEMPATH/CodeIgniter.php(934): App\Controllers\FormController->index()
 4 SYSTEMPATH/CodeIgniter.php(499): CodeIgniter\CodeIgniter->runController()
 5 SYSTEMPATH/CodeIgniter.php(368): CodeIgniter\CodeIgniter->handleRequest()
 6 FCPATH/index.php(67): CodeIgniter\CodeIgniter->run()
 7 SYSTEMPATH/Commands/Server/rewrite.php(47): require_once('/home/skyish/Web_Project/formgenerator/public/index.php')
CRITICAL - 2023-06-10 07:05:14 --> Undefined variable: generateFormTemplate
in APPPATH/Libraries/CustomFormBuilder.php on line 18.
 1 APPPATH/Libraries/CustomFormBuilder.php(18): CodeIgniter\Debug\Exceptions->errorHandler()
 2 APPPATH/Controllers/FormController.php(17): App\Libraries\CustomFormBuilder->createFormTemplate()
 3 SYSTEMPATH/CodeIgniter.php(934): App\Controllers\FormController->index()
 4 SYSTEMPATH/CodeIgniter.php(499): CodeIgniter\CodeIgniter->runController()
 5 SYSTEMPATH/CodeIgniter.php(368): CodeIgniter\CodeIgniter->handleRequest()
 6 FCPATH/index.php(67): CodeIgniter\CodeIgniter->run()
 7 SYSTEMPATH/Commands/Server/rewrite.php(47): require_once('/home/skyish/Web_Project/formgenerator/public/index.php')
CRITICAL - 2023-06-10 07:05:14 --> Undefined variable: generateFormTemplate
in APPPATH/Libraries/CustomFormBuilder.php on line 18.
 1 APPPATH/Libraries/CustomFormBuilder.php(18): CodeIgniter\Debug\Exceptions->errorHandler()
 2 APPPATH/Controllers/FormController.php(17): App\Libraries\CustomFormBuilder->createFormTemplate()
 3 SYSTEMPATH/CodeIgniter.php(934): App\Controllers\FormController->index()
 4 SYSTEMPATH/CodeIgniter.php(499): CodeIgniter\CodeIgniter->runController()
 5 SYSTEMPATH/CodeIgniter.php(368): CodeIgniter\CodeIgniter->handleRequest()
 6 FCPATH/index.php(67): CodeIgniter\CodeIgniter->run()
 7 SYSTEMPATH/Commands/Server/rewrite.php(47): require_once('/home/skyish/Web_Project/formgenerator/public/index.php')
CRITICAL - 2023-06-10 07:05:14 --> Undefined variable: generateFormTemplate
in APPPATH/Libraries/CustomFormBuilder.php on line 18.
 1 APPPATH/Libraries/CustomFormBuilder.php(18): CodeIgniter\Debug\Exceptions->errorHandler()
 2 APPPATH/Controllers/FormController.php(17): App\Libraries\CustomFormBuilder->createFormTemplate()
 3 SYSTEMPATH/CodeIgniter.php(934): App\Controllers\FormController->index()
 4 SYSTEMPATH/CodeIgniter.php(499): CodeIgniter\CodeIgniter->runController()
 5 SYSTEMPATH/CodeIgniter.php(368): CodeIgniter\CodeIgniter->handleRequest()
 6 FCPATH/index.php(67): CodeIgniter\CodeIgniter->run()
 7 SYSTEMPATH/Commands/Server/rewrite.php(47): require_once('/home/skyish/Web_Project/formgenerator/public/index.php')
CRITICAL - 2023-06-10 07:05:14 --> Undefined variable: generateFormTemplate
in APPPATH/Libraries/CustomFormBuilder.php on line 18.
 1 APPPATH/Libraries/CustomFormBuilder.php(18): CodeIgniter\Debug\Exceptions->errorHandler()
 2 APPPATH/Controllers/FormController.php(17): App\Libraries\CustomFormBuilder->createFormTemplate()
 3 SYSTEMPATH/CodeIgniter.php(934): App\Controllers\FormController->index()
 4 SYSTEMPATH/CodeIgniter.php(499): CodeIgniter\CodeIgniter->runController()
 5 SYSTEMPATH/CodeIgniter.php(368): CodeIgniter\CodeIgniter->handleRequest()
 6 FCPATH/index.php(67): CodeIgniter\CodeIgniter->run()
 7 SYSTEMPATH/Commands/Server/rewrite.php(47): require_once('/home/skyish/Web_Project/formgenerator/public/index.php')
CRITICAL - 2023-06-10 07:05:15 --> Undefined variable: generateFormTemplate
in APPPATH/Libraries/CustomFormBuilder.php on line 18.
 1 APPPATH/Libraries/CustomFormBuilder.php(18): CodeIgniter\Debug\Exceptions->errorHandler()
 2 APPPATH/Controllers/FormController.php(17): App\Libraries\CustomFormBuilder->createFormTemplate()
 3 SYSTEMPATH/CodeIgniter.php(934): App\Controllers\FormController->index()
 4 SYSTEMPATH/CodeIgniter.php(499): CodeIgniter\CodeIgniter->runController()
 5 SYSTEMPATH/CodeIgniter.php(368): CodeIgniter\CodeIgniter->handleRequest()
 6 FCPATH/index.php(67): CodeIgniter\CodeIgniter->run()
 7 SYSTEMPATH/Commands/Server/rewrite.php(47): require_once('/home/skyish/Web_Project/formgenerator/public/index.php')
CRITICAL - 2023-06-10 07:05:32 --> Call to protected method App\Libraries\Form::generateFormTemplate() from context 'App\Libraries\CustomFormBuilder'
in APPPATH/Libraries/CustomFormBuilder.php on line 18.
 1 APPPATH/Controllers/FormController.php(17): App\Libraries\CustomFormBuilder->createFormTemplate()
 2 SYSTEMPATH/CodeIgniter.php(934): App\Controllers\FormController->index()
 3 SYSTEMPATH/CodeIgniter.php(499): CodeIgniter\CodeIgniter->runController()
 4 SYSTEMPATH/CodeIgniter.php(368): CodeIgniter\CodeIgniter->handleRequest()
 5 FCPATH/index.php(67): CodeIgniter\CodeIgniter->run()
 6 SYSTEMPATH/Commands/Server/rewrite.php(47): require_once('/home/skyish/Web_Project/formgenerator/public/index.php')
CRITICAL - 2023-06-10 08:28:58 --> Undefined property: App\Controllers\FormController::$load
in APPPATH/Controllers/FormController.php on line 16.
 1 APPPATH/Controllers/FormController.php(16): CodeIgniter\Debug\Exceptions->errorHandler()
 2 SYSTEMPATH/CodeIgniter.php(934): App\Controllers\FormController->index()
 3 SYSTEMPATH/CodeIgniter.php(499): CodeIgniter\CodeIgniter->runController()
 4 SYSTEMPATH/CodeIgniter.php(368): CodeIgniter\CodeIgniter->handleRequest()
 5 FCPATH/index.php(67): CodeIgniter\CodeIgniter->run()
 6 SYSTEMPATH/Commands/Server/rewrite.php(47): require_once('/home/skyish/Web_Project/formgenerator/public/index.php')
CRITICAL - 2023-06-10 08:59:23 --> Invalid argument supplied for foreach()
in APPPATH/Libraries/Form.php on line 21.
 1 APPPATH/Libraries/Form.php(21): CodeIgniter\Debug\Exceptions->errorHandler()
 2 APPPATH/Libraries/CustomFormBuilder.php(12): App\Libraries\Form->generateFormTemplate()
 3 APPPATH/Controllers/FormController.php(18): App\Libraries\CustomFormBuilder->createFormTemplate()
 4 SYSTEMPATH/CodeIgniter.php(934): App\Controllers\FormController->index()
 5 SYSTEMPATH/CodeIgniter.php(499): CodeIgniter\CodeIgniter->runController()
 6 SYSTEMPATH/CodeIgniter.php(368): CodeIgniter\CodeIgniter->handleRequest()
 7 FCPATH/index.php(67): CodeIgniter\CodeIgniter->run()
 8 SYSTEMPATH/Commands/Server/rewrite.php(47): require_once('/home/skyish/Web_Project/formgenerator/public/index.php')
CRITICAL - 2023-06-10 08:59:24 --> Invalid argument supplied for foreach()
in APPPATH/Libraries/Form.php on line 21.
 1 APPPATH/Libraries/Form.php(21): CodeIgniter\Debug\Exceptions->errorHandler()
 2 APPPATH/Libraries/CustomFormBuilder.php(12): App\Libraries\Form->generateFormTemplate()
 3 APPPATH/Controllers/FormController.php(18): App\Libraries\CustomFormBuilder->createFormTemplate()
 4 SYSTEMPATH/CodeIgniter.php(934): App\Controllers\FormController->index()
 5 SYSTEMPATH/CodeIgniter.php(499): CodeIgniter\CodeIgniter->runController()
 6 SYSTEMPATH/CodeIgniter.php(368): CodeIgniter\CodeIgniter->handleRequest()
 7 FCPATH/index.php(67): CodeIgniter\CodeIgniter->run()
 8 SYSTEMPATH/Commands/Server/rewrite.php(47): require_once('/home/skyish/Web_Project/formgenerator/public/index.php')
CRITICAL - 2023-06-10 08:59:24 --> Invalid argument supplied for foreach()
in APPPATH/Libraries/Form.php on line 21.
 1 APPPATH/Libraries/Form.php(21): CodeIgniter\Debug\Exceptions->errorHandler()
 2 APPPATH/Libraries/CustomFormBuilder.php(12): App\Libraries\Form->generateFormTemplate()
 3 APPPATH/Controllers/FormController.php(18): App\Libraries\CustomFormBuilder->createFormTemplate()
 4 SYSTEMPATH/CodeIgniter.php(934): App\Controllers\FormController->index()
 5 SYSTEMPATH/CodeIgniter.php(499): CodeIgniter\CodeIgniter->runController()
 6 SYSTEMPATH/CodeIgniter.php(368): CodeIgniter\CodeIgniter->handleRequest()
 7 FCPATH/index.php(67): CodeIgniter\CodeIgniter->run()
 8 SYSTEMPATH/Commands/Server/rewrite.php(47): require_once('/home/skyish/Web_Project/formgenerator/public/index.php')
CRITICAL - 2023-06-10 08:59:24 --> Invalid argument supplied for foreach()
in APPPATH/Libraries/Form.php on line 21.
 1 APPPATH/Libraries/Form.php(21): CodeIgniter\Debug\Exceptions->errorHandler()
 2 APPPATH/Libraries/CustomFormBuilder.php(12): App\Libraries\Form->generateFormTemplate()
 3 APPPATH/Controllers/FormController.php(18): App\Libraries\CustomFormBuilder->createFormTemplate()
 4 SYSTEMPATH/CodeIgniter.php(934): App\Controllers\FormController->index()
 5 SYSTEMPATH/CodeIgniter.php(499): CodeIgniter\CodeIgniter->runController()
 6 SYSTEMPATH/CodeIgniter.php(368): CodeIgniter\CodeIgniter->handleRequest()
 7 FCPATH/index.php(67): CodeIgniter\CodeIgniter->run()
 8 SYSTEMPATH/Commands/Server/rewrite.php(47): require_once('/home/skyish/Web_Project/formgenerator/public/index.php')
CRITICAL - 2023-06-10 08:59:24 --> Invalid argument supplied for foreach()
in APPPATH/Libraries/Form.php on line 21.
 1 APPPATH/Libraries/Form.php(21): CodeIgniter\Debug\Exceptions->errorHandler()
 2 APPPATH/Libraries/CustomFormBuilder.php(12): App\Libraries\Form->generateFormTemplate()
 3 APPPATH/Controllers/FormController.php(18): App\Libraries\CustomFormBuilder->createFormTemplate()
 4 SYSTEMPATH/CodeIgniter.php(934): App\Controllers\FormController->index()
 5 SYSTEMPATH/CodeIgniter.php(499): CodeIgniter\CodeIgniter->runController()
 6 SYSTEMPATH/CodeIgniter.php(368): CodeIgniter\CodeIgniter->handleRequest()
 7 FCPATH/index.php(67): CodeIgniter\CodeIgniter->run()
 8 SYSTEMPATH/Commands/Server/rewrite.php(47): require_once('/home/skyish/Web_Project/formgenerator/public/index.php')
CRITICAL - 2023-06-10 08:59:24 --> Invalid argument supplied for foreach()
in APPPATH/Libraries/Form.php on line 21.
 1 APPPATH/Libraries/Form.php(21): CodeIgniter\Debug\Exceptions->errorHandler()
 2 APPPATH/Libraries/CustomFormBuilder.php(12): App\Libraries\Form->generateFormTemplate()
 3 APPPATH/Controllers/FormController.php(18): App\Libraries\CustomFormBuilder->createFormTemplate()
 4 SYSTEMPATH/CodeIgniter.php(934): App\Controllers\FormController->index()
 5 SYSTEMPATH/CodeIgniter.php(499): CodeIgniter\CodeIgniter->runController()
 6 SYSTEMPATH/CodeIgniter.php(368): CodeIgniter\CodeIgniter->handleRequest()
 7 FCPATH/index.php(67): CodeIgniter\CodeIgniter->run()
 8 SYSTEMPATH/Commands/Server/rewrite.php(47): require_once('/home/skyish/Web_Project/formgenerator/public/index.php')
CRITICAL - 2023-06-10 08:59:25 --> Invalid argument supplied for foreach()
in APPPATH/Libraries/Form.php on line 21.
 1 APPPATH/Libraries/Form.php(21): CodeIgniter\Debug\Exceptions->errorHandler()
 2 APPPATH/Libraries/CustomFormBuilder.php(12): App\Libraries\Form->generateFormTemplate()
 3 APPPATH/Controllers/FormController.php(18): App\Libraries\CustomFormBuilder->createFormTemplate()
 4 SYSTEMPATH/CodeIgniter.php(934): App\Controllers\FormController->index()
 5 SYSTEMPATH/CodeIgniter.php(499): CodeIgniter\CodeIgniter->runController()
 6 SYSTEMPATH/CodeIgniter.php(368): CodeIgniter\CodeIgniter->handleRequest()
 7 FCPATH/index.php(67): CodeIgniter\CodeIgniter->run()
 8 SYSTEMPATH/Commands/Server/rewrite.php(47): require_once('/home/skyish/Web_Project/formgenerator/public/index.php')
CRITICAL - 2023-06-10 08:59:25 --> Invalid argument supplied for foreach()
in APPPATH/Libraries/Form.php on line 21.
 1 APPPATH/Libraries/Form.php(21): CodeIgniter\Debug\Exceptions->errorHandler()
 2 APPPATH/Libraries/CustomFormBuilder.php(12): App\Libraries\Form->generateFormTemplate()
 3 APPPATH/Controllers/FormController.php(18): App\Libraries\CustomFormBuilder->createFormTemplate()
 4 SYSTEMPATH/CodeIgniter.php(934): App\Controllers\FormController->index()
 5 SYSTEMPATH/CodeIgniter.php(499): CodeIgniter\CodeIgniter->runController()
 6 SYSTEMPATH/CodeIgniter.php(368): CodeIgniter\CodeIgniter->handleRequest()
 7 FCPATH/index.php(67): CodeIgniter\CodeIgniter->run()
 8 SYSTEMPATH/Commands/Server/rewrite.php(47): require_once('/home/skyish/Web_Project/formgenerator/public/index.php')
CRITICAL - 2023-06-10 09:02:37 --> Too few arguments to function App\Libraries\Form::__construct(), 0 passed in /home/skyish/Web_Project/formgenerator/app/Controllers/FormController.php on line 16 and exactly 1 expected
in APPPATH/Libraries/Form.php on line 9.
 1 APPPATH/Controllers/FormController.php(16): App\Libraries\Form->__construct()
 2 SYSTEMPATH/CodeIgniter.php(934): App\Controllers\FormController->index()
 3 SYSTEMPATH/CodeIgniter.php(499): CodeIgniter\CodeIgniter->runController()
 4 SYSTEMPATH/CodeIgniter.php(368): CodeIgniter\CodeIgniter->handleRequest()
 5 FCPATH/index.php(67): CodeIgniter\CodeIgniter->run()
 6 SYSTEMPATH/Commands/Server/rewrite.php(47): require_once('/home/skyish/Web_Project/formgenerator/public/index.php')
CRITICAL - 2023-06-10 09:02:57 --> Undefined property: App\Libraries\CustomFormBuilder::$fields
in APPPATH/Libraries/Form.php on line 20.
 1 APPPATH/Libraries/Form.php(20): CodeIgniter\Debug\Exceptions->errorHandler()
 2 APPPATH/Libraries/CustomFormBuilder.php(11): App\Libraries\Form->generateFormTemplate()
 3 APPPATH/Controllers/FormController.php(18): App\Libraries\CustomFormBuilder->createFormTemplate()
 4 SYSTEMPATH/CodeIgniter.php(934): App\Controllers\FormController->index()
 5 SYSTEMPATH/CodeIgniter.php(499): CodeIgniter\CodeIgniter->runController()
 6 SYSTEMPATH/CodeIgniter.php(368): CodeIgniter\CodeIgniter->handleRequest()
 7 FCPATH/index.php(67): CodeIgniter\CodeIgniter->run()
 8 SYSTEMPATH/Commands/Server/rewrite.php(47): require_once('/home/skyish/Web_Project/formgenerator/public/index.php')
CRITICAL - 2023-06-10 09:07:44 --> Call to protected App\Libraries\Form::__construct() from context 'App\Controllers\FormController'
in APPPATH/Controllers/FormController.php on line 16.
 1 SYSTEMPATH/CodeIgniter.php(934): App\Controllers\FormController->index()
 2 SYSTEMPATH/CodeIgniter.php(499): CodeIgniter\CodeIgniter->runController()
 3 SYSTEMPATH/CodeIgniter.php(368): CodeIgniter\CodeIgniter->handleRequest()
 4 FCPATH/index.php(67): CodeIgniter\CodeIgniter->run()
 5 SYSTEMPATH/Commands/Server/rewrite.php(47): require_once('/home/skyish/Web_Project/formgenerator/public/index.php')
CRITICAL - 2023-06-10 09:58:54 --> Call to undefined method App\Libraries\CustomFormBuilder::generateFormTemplate()
in APPPATH/Libraries/CustomFormBuilder.php on line 11.
 1 APPPATH/Controllers/FormController.php(36): App\Libraries\CustomFormBuilder->createFormTemplate()
 2 SYSTEMPATH/CodeIgniter.php(934): App\Controllers\FormController->index()
 3 SYSTEMPATH/CodeIgniter.php(499): CodeIgniter\CodeIgniter->runController()
 4 SYSTEMPATH/CodeIgniter.php(368): CodeIgniter\CodeIgniter->handleRequest()
 5 FCPATH/index.php(67): CodeIgniter\CodeIgniter->run()
 6 SYSTEMPATH/Commands/Server/rewrite.php(47): require_once('/home/skyish/Web_Project/formgenerator/public/index.php')
CRITICAL - 2023-06-10 10:38:24 --> Undefined index: type_class
in APPPATH/Libraries/Form.php on line 44.
 1 APPPATH/Libraries/Form.php(44): CodeIgniter\Debug\Exceptions->errorHandler()
 2 APPPATH/Libraries/CustomFormBuilder.php(11): App\Libraries\Form->generateformInputs()
 3 APPPATH/Controllers/FormController.php(40): App\Libraries\CustomFormBuilder->createFormTemplate()
 4 SYSTEMPATH/CodeIgniter.php(934): App\Controllers\FormController->index()
 5 SYSTEMPATH/CodeIgniter.php(499): CodeIgniter\CodeIgniter->runController()
 6 SYSTEMPATH/CodeIgniter.php(368): CodeIgniter\CodeIgniter->handleRequest()
 7 FCPATH/index.php(67): CodeIgniter\CodeIgniter->run()
 8 SYSTEMPATH/Commands/Server/rewrite.php(47): require_once('/home/skyish/Web_Project/formgenerator/public/index.php')
CRITICAL - 2023-06-10 10:42:35 --> Undefined index: type_class
in APPPATH/Libraries/Form.php on line 71.
 1 APPPATH/Libraries/Form.php(71): CodeIgniter\Debug\Exceptions->errorHandler()
 2 APPPATH/Libraries/CustomFormBuilder.php(11): App\Libraries\Form->generateformInputs()
 3 APPPATH/Controllers/FormController.php(40): App\Libraries\CustomFormBuilder->createFormTemplate()
 4 SYSTEMPATH/CodeIgniter.php(934): App\Controllers\FormController->index()
 5 SYSTEMPATH/CodeIgniter.php(499): CodeIgniter\CodeIgniter->runController()
 6 SYSTEMPATH/CodeIgniter.php(368): CodeIgniter\CodeIgniter->handleRequest()
 7 FCPATH/index.php(67): CodeIgniter\CodeIgniter->run()
 8 SYSTEMPATH/Commands/Server/rewrite.php(47): require_once('/home/skyish/Web_Project/formgenerator/public/index.php')
